Determining if the pthread_create exist failed with the following output:
Change Dir: /home/yao/roslibjs_tutorial/2wheelrobot_simulation/ws_2wheelsrobot/build/my_worlds/CMakeFiles/CMakeTmp

Run Build Command:"/usr/bin/make" "cmTC_7bb20/fast"
/usr/bin/make -f CMakeFiles/cmTC_7bb20.dir/build.make CMakeFiles/cmTC_7bb20.dir/build
make[1]: Entering directory '/home/yao/roslibjs_tutorial/2wheelrobot_simulation/ws_2wheelsrobot/build/my_worlds/CMakeFiles/CMakeTmp'
Building C object CMakeFiles/cmTC_7bb20.dir/CheckSymbolExists.c.o
/usr/bin/cc     -o CMakeFiles/cmTC_7bb20.dir/CheckSymbolExists.c.o   -c /home/yao/roslibjs_tutorial/2wheelrobot_simulation/ws_2wheelsrobot/build/my_worlds/CMakeFiles/CMakeTmp/CheckSymbolExists.c
Linking C executable cmTC_7bb20
/usr/bin/cmake -E cmake_link_script CMakeFiles/cmTC_7bb20.dir/link.txt --verbose=1
/usr/bin/cc       CMakeFiles/cmTC_7bb20.dir/CheckSymbolExists.c.o  -o cmTC_7bb20 -rdynamic 
CMakeFiles/cmTC_7bb20.dir/CheckSymbolExists.c.o: In function `main':
CheckSymbolExists.c:(.text+0x16): undefined reference to `pthread_create'
collect2: error: ld returned 1 exit status
CMakeFiles/cmTC_7bb20.dir/build.make:97: recipe for target 'cmTC_7bb20' failed
make[1]: *** [cmTC_7bb20] Error 1
make[1]: Leaving directory '/home/yao/roslibjs_tutorial/2wheelrobot_simulation/ws_2wheelsrobot/build/my_worlds/CMakeFiles/CMakeTmp'
Makefile:126: recipe for target 'cmTC_7bb20/fast' failed
make: *** [cmTC_7bb20/fast] Error 2

File /home/yao/roslibjs_tutorial/2wheelrobot_simulation/ws_2wheelsrobot/build/my_worlds/CMakeFiles/CMakeTmp/CheckSymbolExists.c:
/* */
#include <pthread.h>

int main(int argc, char** argv)
{
  (void)argv;
#ifndef pthread_create
  return ((int*)(&pthread_create))[argc];
#else
  (void)argc;
  return 0;
#endif
}

Determining if the function pthread_create exists in the pthreads failed with the following output:
Change Dir: /home/yao/roslibjs_tutorial/2wheelrobot_simulation/ws_2wheelsrobot/build/my_worlds/CMakeFiles/CMakeTmp

Run Build Command:"/usr/bin/make" "cmTC_d8dbf/fast"
/usr/bin/make -f CMakeFiles/cmTC_d8dbf.dir/build.make CMakeFiles/cmTC_d8dbf.dir/build
make[1]: Entering directory '/home/yao/roslibjs_tutorial/2wheelrobot_simulation/ws_2wheelsrobot/build/my_worlds/CMakeFiles/CMakeTmp'
Building C object CMakeFiles/cmTC_d8dbf.dir/CheckFunctionExists.c.o
/usr/bin/cc    -DCHECK_FUNCTION_EXISTS=pthread_create   -o CMakeFiles/cmTC_d8dbf.dir/CheckFunctionExists.c.o   -c /usr/share/cmake-3.5/Modules/CheckFunctionExists.c
Linking C executable cmTC_d8dbf
/usr/bin/cmake -E cmake_link_script CMakeFiles/cmTC_d8dbf.dir/link.txt --verbose=1
/usr/bin/cc   -DCHECK_FUNCTION_EXISTS=pthread_create    CMakeFiles/cmTC_d8dbf.dir/CheckFunctionExists.c.o  -o cmTC_d8dbf -rdynamic -lpthreads 
/usr/bin/ld: cannot find -lpthreads
collect2: error: ld returned 1 exit status
CMakeFiles/cmTC_d8dbf.dir/build.make:97: recipe for target 'cmTC_d8dbf' failed
make[1]: *** [cmTC_d8dbf] Error 1
make[1]: Leaving directory '/home/yao/roslibjs_tutorial/2wheelrobot_simulation/ws_2wheelsrobot/build/my_worlds/CMakeFiles/CMakeTmp'
Makefile:126: recipe for target 'cmTC_d8dbf/fast' failed
make: *** [cmTC_d8dbf/fast] Error 2


