Determining if the pthread_create exist failed with the following output:
Change Dir: /home/yao/roslibjs_tutorial/2wheelrobot_simulation/ws_2wheelsrobot/build/m2wr_description/CMakeFiles/CMakeTmp

Run Build Command:"/usr/bin/make" "cmTC_74c2a/fast"
/usr/bin/make -f CMakeFiles/cmTC_74c2a.dir/build.make CMakeFiles/cmTC_74c2a.dir/build
make[1]: Entering directory '/home/yao/roslibjs_tutorial/2wheelrobot_simulation/ws_2wheelsrobot/build/m2wr_description/CMakeFiles/CMakeTmp'
Building C object CMakeFiles/cmTC_74c2a.dir/CheckSymbolExists.c.o
/usr/bin/cc     -o CMakeFiles/cmTC_74c2a.dir/CheckSymbolExists.c.o   -c /home/yao/roslibjs_tutorial/2wheelrobot_simulation/ws_2wheelsrobot/build/m2wr_description/CMakeFiles/CMakeTmp/CheckSymbolExists.c
Linking C executable cmTC_74c2a
/usr/bin/cmake -E cmake_link_script CMakeFiles/cmTC_74c2a.dir/link.txt --verbose=1
/usr/bin/cc       CMakeFiles/cmTC_74c2a.dir/CheckSymbolExists.c.o  -o cmTC_74c2a -rdynamic 
CMakeFiles/cmTC_74c2a.dir/CheckSymbolExists.c.o: In function `main':
CheckSymbolExists.c:(.text+0x16): undefined reference to `pthread_create'
collect2: error: ld returned 1 exit status
CMakeFiles/cmTC_74c2a.dir/build.make:97: recipe for target 'cmTC_74c2a' failed
make[1]: *** [cmTC_74c2a] Error 1
make[1]: Leaving directory '/home/yao/roslibjs_tutorial/2wheelrobot_simulation/ws_2wheelsrobot/build/m2wr_description/CMakeFiles/CMakeTmp'
Makefile:126: recipe for target 'cmTC_74c2a/fast' failed
make: *** [cmTC_74c2a/fast] Error 2

File /home/yao/roslibjs_tutorial/2wheelrobot_simulation/ws_2wheelsrobot/build/m2wr_description/CMakeFiles/CMakeTmp/CheckSymbolExists.c:
/* */
#include <pthread.h>

int main(int argc, char** argv)
{
  (void)argv;
#ifndef pthread_create
  return ((int*)(&pthread_create))[argc];
#else
  (void)argc;
  return 0;
#endif
}

Determining if the function pthread_create exists in the pthreads failed with the following output:
Change Dir: /home/yao/roslibjs_tutorial/2wheelrobot_simulation/ws_2wheelsrobot/build/m2wr_description/CMakeFiles/CMakeTmp

Run Build Command:"/usr/bin/make" "cmTC_31175/fast"
/usr/bin/make -f CMakeFiles/cmTC_31175.dir/build.make CMakeFiles/cmTC_31175.dir/build
make[1]: Entering directory '/home/yao/roslibjs_tutorial/2wheelrobot_simulation/ws_2wheelsrobot/build/m2wr_description/CMakeFiles/CMakeTmp'
Building C object CMakeFiles/cmTC_31175.dir/CheckFunctionExists.c.o
/usr/bin/cc    -DCHECK_FUNCTION_EXISTS=pthread_create   -o CMakeFiles/cmTC_31175.dir/CheckFunctionExists.c.o   -c /usr/share/cmake-3.5/Modules/CheckFunctionExists.c
Linking C executable cmTC_31175
/usr/bin/cmake -E cmake_link_script CMakeFiles/cmTC_31175.dir/link.txt --verbose=1
/usr/bin/cc   -DCHECK_FUNCTION_EXISTS=pthread_create    CMakeFiles/cmTC_31175.dir/CheckFunctionExists.c.o  -o cmTC_31175 -rdynamic -lpthreads 
/usr/bin/ld: cannot find -lpthreads
collect2: error: ld returned 1 exit status
CMakeFiles/cmTC_31175.dir/build.make:97: recipe for target 'cmTC_31175' failed
make[1]: *** [cmTC_31175] Error 1
make[1]: Leaving directory '/home/yao/roslibjs_tutorial/2wheelrobot_simulation/ws_2wheelsrobot/build/m2wr_description/CMakeFiles/CMakeTmp'
Makefile:126: recipe for target 'cmTC_31175/fast' failed
make: *** [cmTC_31175/fast] Error 2


